<?xml version="1.0" encoding="UTF-8"?>
<coverage generated="1591439648576" clover="3.2.0">
  <project timestamp="1591439648576" name="All files">
    <metrics statements="9" coveredstatements="0" conditionals="2" coveredconditionals="0" methods="8" coveredmethods="0" elements="19" coveredelements="0" complexity="0" loc="9" ncloc="9" packages="1" files="1" classes="1"/>
    <file name="App.js" path="C:\Users\Jérémy\Documents\Development\personal\component_test\src\App.js">
      <metrics statements="9" coveredstatements="0" conditionals="2" coveredconditionals="0" methods="8" coveredmethods="0"/>
      <line num="8" count="0" type="stmt"/>
      <line num="10" count="0" type="stmt"/>
      <line num="23" count="0" type="stmt"/>
      <line num="24" count="0" type="stmt"/>
      <line num="25" count="0" type="stmt"/>
      <line num="26" count="0" type="stmt"/>
      <line num="36" count="0" type="stmt"/>
      <line num="37" count="0" type="stmt"/>
      <line num="42" count="0" type="stmt"/>
    </file>
  </project>
</coverage>
