<?xml version="1.0" encoding="UTF-8"?>
<coverage generated="1591649174067" clover="3.2.0">
  <project timestamp="1591649174067" name="All files">
    <metrics statements="40" coveredstatements="27" conditionals="56" coveredconditionals="26" methods="21" coveredmethods="12" elements="117" coveredelements="65" complexity="0" loc="40" ncloc="40" packages="1" files="1" classes="1"/>
    <file name="TableComponent.js" path="C:\Users\Jérémy\Documents\Development\personal\component_test\src\TableComponent\TableComponent.js">
      <metrics statements="40" coveredstatements="27" conditionals="56" coveredconditionals="26" methods="21" coveredmethods="12"/>
      <line num="7" count="1" type="stmt"/>
      <line num="11" count="11" type="stmt"/>
      <line num="12" count="11" type="stmt"/>
      <line num="20" count="11" type="stmt"/>
      <line num="25" count="11" type="stmt"/>
      <line num="26" count="11" type="stmt"/>
      <line num="27" count="11" type="stmt"/>
      <line num="31" count="11" type="cond" truecount="2" falsecount="2"/>
      <line num="32" count="11" type="cond" truecount="2" falsecount="2"/>
      <line num="33" count="11" type="cond" truecount="2" falsecount="2"/>
      <line num="34" count="11" type="cond" truecount="2" falsecount="2"/>
      <line num="38" count="11" type="stmt"/>
      <line num="47" count="11" type="stmt"/>
      <line num="48" count="77" type="cond" truecount="4" falsecount="0"/>
      <line num="54" count="0" type="cond" truecount="0" falsecount="2"/>
      <line num="55" count="0" type="stmt"/>
      <line num="57" count="0" type="stmt"/>
      <line num="63" count="12" type="stmt"/>
      <line num="67" count="12" type="cond" truecount="1" falsecount="1"/>
      <line num="68" count="12" type="cond" truecount="1" falsecount="1"/>
      <line num="69" count="12" type="stmt"/>
      <line num="74" count="8" type="stmt"/>
      <line num="75" count="8" type="stmt"/>
      <line num="76" count="0" type="cond" truecount="0" falsecount="4"/>
      <line num="77" count="0" type="cond" truecount="0" falsecount="4"/>
      <line num="78" count="0" type="stmt"/>
      <line num="80" count="8" type="stmt"/>
      <line num="84" count="0" type="stmt"/>
      <line num="89" count="0" type="cond" truecount="0" falsecount="4"/>
      <line num="90" count="0" type="cond" truecount="0" falsecount="2"/>
      <line num="91" count="0" type="stmt"/>
      <line num="92" count="0" type="stmt"/>
      <line num="98" count="11" type="cond" truecount="2" falsecount="0"/>
      <line num="99" count="20" type="cond" truecount="2" falsecount="0"/>
      <line num="103" count="11" type="cond" truecount="2" falsecount="0"/>
      <line num="105" count="11" type="stmt"/>
      <line num="106" count="0" type="stmt"/>
      <line num="114" count="12" type="stmt"/>
      <line num="132" count="0" type="stmt"/>
      <line num="136" count="12" type="stmt"/>
    </file>
  </project>
</coverage>
