{"C:\\Users\\Jérémy\\Documents\\Development\\personal\\component_test\\src\\TableComponent\\DataItem\\DataItem.js": {"path":"C:\\Users\\Jérémy\\Documents\\Development\\personal\\component_test\\src\\TableComponent\\DataItem\\DataItem.js","statementMap":{"0":{"start":{"line":5,"column":8},"end":{"line":9,"column":9}}},"fnMap":{"0":{"name":"(anonymous_0)","decl":{"start":{"line":4,"column":4},"end":{"line":4,"column":5}},"loc":{"start":{"line":4,"column":13},"end":{"line":10,"column":5}},"line":4}},"branchMap":{"0":{"loc":{"start":{"line":7,"column":17},"end":{"line":7,"column":140}},"type":"cond-expr","locations":[{"start":{"line":7,"column":73},"end":{"line":7,"column":135}},{"start":{"line":7,"column":138},"end":{"line":7,"column":140}}],"line":7},"1":{"loc":{"start":{"line":7,"column":17},"end":{"line":7,"column":70}},"type":"binary-expr","locations":[{"start":{"line":7,"column":17},"end":{"line":7,"column":38}},{"start":{"line":7,"column":42},"end":{"line":7,"column":70}}],"line":7}},"s":{"0":4},"f":{"0":4},"b":{"0":[1,3],"1":[4,4]},"_coverageSchema":"43e27e138ebf9cfc5966b082cf9a028302ed4184","hash":"b0fd023684ea851d9aad58aba2490701cfa3e4e6"}
}
