{"C:\\Users\\Jérémy\\Documents\\Development\\personal\\component_test\\src\\App.js": {"path":"C:\\Users\\Jérémy\\Documents\\Development\\personal\\component_test\\src\\App.js","statementMap":{"0":{"start":{"line":8,"column":4},"end":{"line":8,"column":16}},"1":{"start":{"line":10,"column":4},"end":{"line":18,"column":5}},"2":{"start":{"line":22,"column":4},"end":{"line":36,"column":41}},"3":{"start":{"line":23,"column":24},"end":{"line":23,"column":39}},"4":{"start":{"line":24,"column":24},"end":{"line":34,"column":8}},"5":{"start":{"line":25,"column":8},"end":{"line":33,"column":9}},"6":{"start":{"line":35,"column":23},"end":{"line":35,"column":55}},"7":{"start":{"line":36,"column":22},"end":{"line":36,"column":40}},"8":{"start":{"line":41,"column":4},"end":{"line":55,"column":5}}},"fnMap":{"0":{"name":"(anonymous_0)","decl":{"start":{"line":7,"column":2},"end":{"line":7,"column":3}},"loc":{"start":{"line":7,"column":21},"end":{"line":20,"column":3}},"line":7},"1":{"name":"(anonymous_1)","decl":{"start":{"line":21,"column":2},"end":{"line":21,"column":3}},"loc":{"start":{"line":21,"column":22},"end":{"line":37,"column":3}},"line":21},"2":{"name":"(anonymous_2)","decl":{"start":{"line":23,"column":12},"end":{"line":23,"column":13}},"loc":{"start":{"line":23,"column":24},"end":{"line":23,"column":39}},"line":23},"3":{"name":"(anonymous_3)","decl":{"start":{"line":24,"column":12},"end":{"line":24,"column":13}},"loc":{"start":{"line":24,"column":24},"end":{"line":34,"column":8}},"line":24},"4":{"name":"(anonymous_4)","decl":{"start":{"line":24,"column":45},"end":{"line":24,"column":46}},"loc":{"start":{"line":24,"column":54},"end":{"line":34,"column":7}},"line":24},"5":{"name":"(anonymous_5)","decl":{"start":{"line":35,"column":12},"end":{"line":35,"column":13}},"loc":{"start":{"line":35,"column":23},"end":{"line":35,"column":55}},"line":35},"6":{"name":"(anonymous_6)","decl":{"start":{"line":36,"column":13},"end":{"line":36,"column":14}},"loc":{"start":{"line":36,"column":22},"end":{"line":36,"column":40}},"line":36},"7":{"name":"(anonymous_7)","decl":{"start":{"line":40,"column":2},"end":{"line":40,"column":3}},"loc":{"start":{"line":40,"column":11},"end":{"line":56,"column":3}},"line":40}},"branchMap":{"0":{"loc":{"start":{"line":43,"column":9},"end":{"line":52,"column":37}},"type":"cond-expr","locations":[{"start":{"line":44,"column":10},"end":{"line":51,"column":37}},{"start":{"line":52,"column":10},"end":{"line":52,"column":37}}],"line":43}},"s":{"0":0,"1":0,"2":0,"3":0,"4":0,"5":0,"6":0,"7":0,"8":0},"f":{"0":0,"1":0,"2":0,"3":0,"4":0,"5":0,"6":0,"7":0},"b":{"0":[0,0]},"hash":"d20f87f1883aa9747cb7a07e0eef9d77930b8110"}
}
