TN:
SF:C:\Users\Jérémy\Documents\Development\personal\component_test\src\TableComponent\TableComponent.js
FN:7,(anonymous_0)
FN:10,(anonymous_1)
FN:24,(anonymous_2)
FN:27,(anonymous_3)
FN:30,(anonymous_4)
FN:37,(anonymous_5)
FN:47,(anonymous_6)
FN:53,(anonymous_7)
FN:62,(anonymous_8)
FN:73,(anonymous_9)
FN:75,(anonymous_10)
FN:83,(anonymous_11)
FN:88,(anonymous_12)
FN:92,(anonymous_13)
FN:98,(anonymous_14)
FN:99,(anonymous_15)
FN:101,(anonymous_16)
FN:106,(anonymous_17)
FN:113,(anonymous_18)
FN:132,(anonymous_19)
FN:135,(anonymous_20)
FNF:21
FNH:12
FNDA:0,(anonymous_0)
FNDA:11,(anonymous_1)
FNDA:11,(anonymous_2)
FNDA:0,(anonymous_3)
FNDA:11,(anonymous_4)
FNDA:11,(anonymous_5)
FNDA:77,(anonymous_6)
FNDA:0,(anonymous_7)
FNDA:12,(anonymous_8)
FNDA:8,(anonymous_9)
FNDA:0,(anonymous_10)
FNDA:0,(anonymous_11)
FNDA:0,(anonymous_12)
FNDA:0,(anonymous_13)
FNDA:11,(anonymous_14)
FNDA:20,(anonymous_15)
FNDA:11,(anonymous_16)
FNDA:0,(anonymous_17)
FNDA:12,(anonymous_18)
FNDA:0,(anonymous_19)
FNDA:12,(anonymous_20)
DA:7,1
DA:11,11
DA:12,11
DA:20,11
DA:25,11
DA:26,11
DA:27,11
DA:31,11
DA:32,11
DA:33,11
DA:34,11
DA:38,11
DA:47,11
DA:48,77
DA:54,0
DA:55,0
DA:57,0
DA:63,12
DA:67,12
DA:68,12
DA:69,12
DA:74,8
DA:75,8
DA:76,0
DA:77,0
DA:78,0
DA:80,8
DA:84,0
DA:89,0
DA:90,0
DA:91,0
DA:92,0
DA:98,11
DA:99,20
DA:103,11
DA:105,11
DA:106,0
DA:114,12
DA:132,0
DA:136,12
LF:40
LH:27
BRDA:31,0,0,0
BRDA:31,0,1,11
BRDA:31,1,0,11
BRDA:31,1,1,0
BRDA:32,2,0,0
BRDA:32,2,1,11
BRDA:32,3,0,11
BRDA:32,3,1,0
BRDA:33,4,0,0
BRDA:33,4,1,11
BRDA:33,5,0,11
BRDA:33,5,1,0
BRDA:34,6,0,0
BRDA:34,6,1,11
BRDA:34,7,0,11
BRDA:34,7,1,0
BRDA:48,8,0,1
BRDA:48,8,1,76
BRDA:48,9,0,77
BRDA:48,9,1,1
BRDA:54,10,0,0
BRDA:54,10,1,0
BRDA:67,11,0,0
BRDA:67,11,1,12
BRDA:68,12,0,0
BRDA:68,12,1,12
BRDA:76,13,0,0
BRDA:76,13,1,0
BRDA:76,14,0,0
BRDA:76,14,1,0
BRDA:77,15,0,0
BRDA:77,15,1,0
BRDA:77,16,0,0
BRDA:77,16,1,0
BRDA:89,17,0,0
BRDA:89,17,1,0
BRDA:89,18,0,0
BRDA:89,18,1,0
BRDA:90,19,0,0
BRDA:90,19,1,0
BRDA:98,20,0,11
BRDA:98,20,1,10
BRDA:99,21,0,20
BRDA:99,21,1,16
BRDA:103,22,0,8
BRDA:103,22,1,3
BRDA:108,23,0,2
BRDA:108,23,1,9
BRDA:109,24,0,3
BRDA:109,24,1,6
BRDA:117,25,0,12
BRDA:117,25,1,0
BRDA:117,25,2,0
BRDA:140,26,0,12
BRDA:140,26,1,0
BRDA:140,26,2,0
BRF:56
BRH:26
end_of_record
